Using pre-set license
Built from '2021.3/staging' branch; Version is '2021.3.10f1 (1c7d0df0160b) revision 1867021'; Using compiler version '192829333'; Build Type 'Release'
OS: 'Windows 10  (10.0.19044) 64bit Professional' Language: 'en' Physical Memory: 16349 MB
BatchMode: 1, IsHumanControllingUs: 0, StartBugReporterOnCrash: 0, Is64bit: 1, IsPro: 1

COMMAND LINE ARGUMENTS:
C:\Program Files\Unity\Hub\Editor\2021.3.10f1\Editor\Unity.exe
-adb2
-batchMode
-noUpm
-name
AssetImportWorker0
-projectPath
C:/Users/aaron/Documents/GitHub/EvokedOffice/EvokedOffice
-logFile
Logs/AssetImportWorker0.log
-srvPort
54596
Successfully changed project path to: C:/Users/aaron/Documents/GitHub/EvokedOffice/EvokedOffice
C:/Users/aaron/Documents/GitHub/EvokedOffice/EvokedOffice
[UnityMemory] Configuration Parameters - Can be set up in boot.config
    "memorysetup-bucket-allocator-granularity=16"
    "memorysetup-bucket-allocator-bucket-count=8"
    "memorysetup-bucket-allocator-block-size=33554432"
    "memorysetup-bucket-allocator-block-count=8"
    "memorysetup-main-allocator-block-size=16777216"
    "memorysetup-thread-allocator-block-size=16777216"
    "memorysetup-gfx-main-allocator-block-size=16777216"
    "memorysetup-gfx-thread-allocator-block-size=16777216"
    "memorysetup-cache-allocator-block-size=4194304"
    "memorysetup-typetree-allocator-block-size=2097152"
    "memorysetup-profiler-bucket-allocator-granularity=16"
    "memorysetup-profiler-bucket-allocator-bucket-count=8"
    "memorysetup-profiler-bucket-allocator-block-size=33554432"
    "memorysetup-profiler-bucket-allocator-block-count=8"
    "memorysetup-profiler-allocator-block-size=16777216"
    "memorysetup-profiler-editor-allocator-block-size=1048576"
    "memorysetup-temp-allocator-size-main=16777216"
    "memorysetup-job-temp-allocator-block-size=2097152"
    "memorysetup-job-temp-allocator-block-size-background=1048576"
    "memorysetup-job-temp-allocator-reduction-small-platforms=262144"
    "memorysetup-temp-allocator-size-background-worker=32768"
    "memorysetup-temp-allocator-size-job-worker=262144"
    "memorysetup-temp-allocator-size-preload-manager=33554432"
    "memorysetup-temp-allocator-size-nav-mesh-worker=65536"
    "memorysetup-temp-allocator-size-audio-worker=65536"
    "memorysetup-temp-allocator-size-cloud-worker=32768"
    "memorysetup-temp-allocator-size-gi-baking-worker=262144"
    "memorysetup-temp-allocator-size-gfx=262144"
Refreshing native plugins compatible for Editor in 182.09 ms, found 3 plugins.
Preloading 0 native plugins for Editor in 0.00 ms.
Initialize engine version: 2021.3.10f1 (1c7d0df0160b)
[Subsystems] Discovering subsystems at path C:/Program Files/Unity/Hub/Editor/2021.3.10f1/Editor/Data/Resources/UnitySubsystems
[Subsystems] Discovering subsystems at path C:/Users/aaron/Documents/GitHub/EvokedOffice/EvokedOffice/Assets
GfxDevice: creating device client; threaded=0; jobified=0
Direct3D:
    Version:  Direct3D 11.0 [level 11.1]
    Renderer: Radeon (TM) RX 480 Graphics (ID=0x67df)
    Vendor:   ATI
    VRAM:     8170 MB
    Driver:   30.0.21017.1000
Initialize mono
Mono path[0] = 'C:/Program Files/Unity/Hub/Editor/2021.3.10f1/Editor/Data/Managed'
Mono path[1] = 'C:/Program Files/Unity/Hub/Editor/2021.3.10f1/Editor/Data/MonoBleedingEdge/lib/mono/unityjit-win32'
Mono config path = 'C:/Program Files/Unity/Hub/Editor/2021.3.10f1/Editor/Data/MonoBleedingEdge/etc'
Using monoOptions --debugger-agent=transport=dt_socket,embedding=1,server=y,suspend=n,address=127.0.0.1:56924
Begin MonoManager ReloadAssembly
Registering precompiled unity dll's ...
Register platform support module: C:/Program Files/Unity/Hub/Editor/2021.3.10f1/Editor/Data/PlaybackEngines/WebGLSupport/UnityEditor.WebGL.Extensions.dll
Register platform support module: C:/Program Files/Unity/Hub/Editor/2021.3.10f1/Editor/Data/PlaybackEngines/WindowsStandaloneSupport/UnityEditor.WindowsStandalone.Extensions.dll
Registered in 0.017045 seconds.
Native extension for WindowsStandalone target not found
Native extension for WebGL target not found
Refreshing native plugins compatible for Editor in 175.75 ms, found 3 plugins.
Preloading 0 native plugins for Editor in 0.00 ms.
Mono: successfully reloaded assembly
- Completed reload, in  1.134 seconds
Domain Reload Profiling:
	ReloadAssembly (1135ms)
		BeginReloadAssembly (128ms)
			ExecutionOrderSort (0ms)
			DisableScriptedObjects (0ms)
			BackupInstance (0ms)
			ReleaseScriptingObjects (0ms)
			CreateAndSetChildDomain (1ms)
		EndReloadAssembly (809ms)
			LoadAssemblies (123ms)
			RebuildTransferFunctionScriptingTraits (0ms)
			SetupTypeCache (185ms)
			ReleaseScriptCaches (0ms)
			RebuildScriptCaches (45ms)
			SetupLoadedEditorAssemblies (495ms)
				LogAssemblyErrors (0ms)
				InitializePlatformSupportModulesInManaged (15ms)
				SetLoadedEditorAssemblies (0ms)
				RefreshPlugins (176ms)
				BeforeProcessingInitializeOnLoad (2ms)
				ProcessInitializeOnLoadAttributes (232ms)
				ProcessInitializeOnLoadMethodAttributes (70ms)
				AfterProcessingInitializeOnLoad (0ms)
				EditorAssembliesLoaded (0ms)
			ExecutionOrderSort2 (0ms)
			AwakeInstancesAfterBackupRestoration (0ms)
Platform modules already initialized, skipping
Registering precompiled user dll's ...
Registered in 0.017813 seconds.
Begin MonoManager ReloadAssembly
Symbol file LoadedFromMemory doesn't match image C:\Users\aaron\Documents\GitHub\EvokedOffice\EvokedOffice\Library\PackageCache\com.unity.visualscripting@1.7.8\Editor\VisualScripting.Core\Dependencies\YamlDotNet\Unity.VisualScripting.YamlDotNet.dll
Symbol file LoadedFromMemory doesn't match image C:\Users\aaron\Documents\GitHub\EvokedOffice\EvokedOffice\Library\PackageCache\com.unity.visualscripting@1.7.8\Editor\VisualScripting.Core\Dependencies\DotNetZip\Unity.VisualScripting.IonicZip.dll
Native extension for WindowsStandalone target not found
Native extension for WebGL target not found
Refreshing native plugins compatible for Editor in 243.78 ms, found 3 plugins.
Preloading 0 native plugins for Editor in 0.00 ms.
Mono: successfully reloaded assembly
- Completed reload, in  2.987 seconds
Domain Reload Profiling:
	ReloadAssembly (2988ms)
		BeginReloadAssembly (322ms)
			ExecutionOrderSort (0ms)
			DisableScriptedObjects (9ms)
			BackupInstance (0ms)
			ReleaseScriptingObjects (0ms)
			CreateAndSetChildDomain (37ms)
		EndReloadAssembly (2358ms)
			LoadAssemblies (199ms)
			RebuildTransferFunctionScriptingTraits (0ms)
			SetupTypeCache (699ms)
			ReleaseScriptCaches (1ms)
			RebuildScriptCaches (115ms)
			SetupLoadedEditorAssemblies (1201ms)
				LogAssemblyErrors (0ms)
				InitializePlatformSupportModulesInManaged (11ms)
				SetLoadedEditorAssemblies (1ms)
				RefreshPlugins (244ms)
				BeforeProcessingInitializeOnLoad (244ms)
				ProcessInitializeOnLoadAttributes (521ms)
				ProcessInitializeOnLoadMethodAttributes (157ms)
				AfterProcessingInitializeOnLoad (23ms)
				EditorAssembliesLoaded (0ms)
			ExecutionOrderSort2 (0ms)
			AwakeInstancesAfterBackupRestoration (13ms)
Platform modules already initialized, skipping
========================================================================
Worker process is ready to serve import requests
Launched and connected shader compiler UnityShaderCompiler.exe after 0.06 seconds
Refreshing native plugins compatible for Editor in 1.26 ms, found 3 plugins.
Preloading 0 native plugins for Editor in 0.00 ms.
Unloading 5384 Unused Serialized files (Serialized files now loaded: 0)
Unloading 36 unused Assets / (0.7 MB). Loaded Objects now: 5840.
Memory consumption went from 213.7 MB to 213.0 MB.
Total: 6.528700 ms (FindLiveObjects: 0.665500 ms CreateObjectMapping: 0.650100 ms MarkObjects: 4.704300 ms  DeleteObjects: 0.506500 ms)

AssetImportParameters requested are different than current active one (requested -> active):
  custom:video-decoder-ogg-theora: a1e56fd34408186e4bbccfd4996cb3dc -> 
  custom:container-muxer-webm: aa71ff27fc2769a1b78a27578f13a17b -> 
  custom:container-demuxer-webm: 4f35f7cbe854078d1ac9338744f61a02 -> 
  custom:video-encoder-webm-vp8: eb34c28f22e8b96e1ab97ce403110664 -> 
  custom:audio-encoder-webm-vorbis: bf7c407c2cedff20999df2af8eb42d56 -> 
  custom:framework-win-MediaFoundation: 216162199b28c13a410421893ffa2e32 -> 
  custom:container-demuxer-ogg: 62fdf1f143b41e24485cea50d1cbac27 -> 
  custom:video-decoder-webm-vp8: 9c59270c3fd7afecdb556c50c9e8de78 -> 
  custom:audio-decoder-ogg-vorbis: bf7c407c2cedff20999df2af8eb42d56 -> 
========================================================================
Received Import Request.
  Time since last request: 414266.833322 seconds.
  path: Assets/Scripes/Axe.cs
  artifactKey: Guid(bad569a87eca29440bbcde901c419723) Importer(815301076,1909f56bfc062723c751e8b465ee728b)
Start importing Assets/Scripes/Axe.cs using Guid(bad569a87eca29440bbcde901c419723) Importer(815301076,1909f56bfc062723c751e8b465ee728b)  -> (artifact id: '09198993d20e3bb1dde124c5e8d856a4') in 0.071855 seconds 
========================================================================
Received Prepare
Registering precompiled user dll's ...
Registered in 0.016845 seconds.
Begin MonoManager ReloadAssembly
Symbol file LoadedFromMemory doesn't match image C:\Users\aaron\Documents\GitHub\EvokedOffice\EvokedOffice\Library\PackageCache\com.unity.visualscripting@1.7.8\Editor\VisualScripting.Core\Dependencies\YamlDotNet\Unity.VisualScripting.YamlDotNet.dll
Symbol file LoadedFromMemory doesn't match image C:\Users\aaron\Documents\GitHub\EvokedOffice\EvokedOffice\Library\PackageCache\com.unity.visualscripting@1.7.8\Editor\VisualScripting.Core\Dependencies\DotNetZip\Unity.VisualScripting.IonicZip.dll
Native extension for WindowsStandalone target not found
Native extension for WebGL target not found
Refreshing native plugins compatible for Editor in 1.36 ms, found 3 plugins.
Preloading 0 native plugins for Editor in 0.00 ms.
Mono: successfully reloaded assembly
- Completed reload, in  2.103 seconds
Domain Reload Profiling:
	ReloadAssembly (2103ms)
		BeginReloadAssembly (283ms)
			ExecutionOrderSort (0ms)
			DisableScriptedObjects (8ms)
			BackupInstance (0ms)
			ReleaseScriptingObjects (0ms)
			CreateAndSetChildDomain (75ms)
		EndReloadAssembly (1604ms)
			LoadAssemblies (206ms)
			RebuildTransferFunctionScriptingTraits (0ms)
			SetupTypeCache (590ms)
			ReleaseScriptCaches (2ms)
			RebuildScriptCaches (78ms)
			SetupLoadedEditorAssemblies (667ms)
				LogAssemblyErrors (0ms)
				InitializePlatformSupportModulesInManaged (22ms)
				SetLoadedEditorAssemblies (1ms)
				RefreshPlugins (1ms)
				BeforeProcessingInitializeOnLoad (152ms)
				ProcessInitializeOnLoadAttributes (346ms)
				ProcessInitializeOnLoadMethodAttributes (127ms)
				AfterProcessingInitializeOnLoad (17ms)
				EditorAssembliesLoaded (0ms)
			ExecutionOrderSort2 (0ms)
			AwakeInstancesAfterBackupRestoration (26ms)
Platform modules already initialized, skipping
Refreshing native plugins compatible for Editor in 3.94 ms, found 3 plugins.
Preloading 0 native plugins for Editor in 0.00 ms.
Unloading 5242 Unused Serialized files (Serialized files now loaded: 0)
Unloading 29 unused Assets / (0.7 MB). Loaded Objects now: 5843.
Memory consumption went from 203.4 MB to 202.7 MB.
Total: 5.200100 ms (FindLiveObjects: 0.473100 ms CreateObjectMapping: 0.294500 ms MarkObjects: 3.967200 ms  DeleteObjects: 0.463600 ms)

AssetImportParameters requested are different than current active one (requested -> active):
  custom:video-decoder-ogg-theora: a1e56fd34408186e4bbccfd4996cb3dc -> 
  custom:container-muxer-webm: aa71ff27fc2769a1b78a27578f13a17b -> 
  custom:container-demuxer-webm: 4f35f7cbe854078d1ac9338744f61a02 -> 
  custom:video-encoder-webm-vp8: eb34c28f22e8b96e1ab97ce403110664 -> 
  custom:audio-encoder-webm-vorbis: bf7c407c2cedff20999df2af8eb42d56 -> 
  custom:framework-win-MediaFoundation: 216162199b28c13a410421893ffa2e32 -> 
  custom:container-demuxer-ogg: 62fdf1f143b41e24485cea50d1cbac27 -> 
  custom:video-decoder-webm-vp8: 9c59270c3fd7afecdb556c50c9e8de78 -> 
  custom:audio-decoder-ogg-vorbis: bf7c407c2cedff20999df2af8eb42d56 -> 
========================================================================
Received Import Request.
  Time since last request: 274.681725 seconds.
  path: Assets/Scripes/Axe.cs
  artifactKey: Guid(bad569a87eca29440bbcde901c419723) Importer(815301076,1909f56bfc062723c751e8b465ee728b)
Start importing Assets/Scripes/Axe.cs using Guid(bad569a87eca29440bbcde901c419723) Importer(815301076,1909f56bfc062723c751e8b465ee728b)  -> (artifact id: 'db7e1c8691694f57cf4b3f611d4fdf21') in 0.020920 seconds 
========================================================================
Received Import Request.
  Time since last request: 4003.509730 seconds.
  path: Assets/Scripes/Pickup.cs
  artifactKey: Guid(67dbf01023b164546b8a4cf32f06f121) Importer(815301076,1909f56bfc062723c751e8b465ee728b)
Start importing Assets/Scripes/Pickup.cs using Guid(67dbf01023b164546b8a4cf32f06f121) Importer(815301076,1909f56bfc062723c751e8b465ee728b)  -> (artifact id: '4bd41ae40debefcc6d4b11f3375df788') in 0.010507 seconds 
========================================================================
Received Import Request.
  Time since last request: 81523.832856 seconds.
  path: Assets/Scripes/Axe.cs
  artifactKey: Guid(bad569a87eca29440bbcde901c419723) Importer(815301076,1909f56bfc062723c751e8b465ee728b)
Start importing Assets/Scripes/Axe.cs using Guid(bad569a87eca29440bbcde901c419723) Importer(815301076,1909f56bfc062723c751e8b465ee728b)  -> (artifact id: '3f6230297b9d29abe38edd5354475d58') in 0.009110 seconds 
========================================================================
Received Import Request.
  Time since last request: 28.481122 seconds.
  path: Assets/Scripes/Eat.cs
  artifactKey: Guid(f209b2bca90d4704d8b394fd3f06aa90) Importer(815301076,1909f56bfc062723c751e8b465ee728b)
Start importing Assets/Scripes/Eat.cs using Guid(f209b2bca90d4704d8b394fd3f06aa90) Importer(815301076,1909f56bfc062723c751e8b465ee728b)  -> (artifact id: '45404a902316e43f2ebc83ed33c4528e') in 0.009515 seconds 
========================================================================
Received Prepare
Registering precompiled user dll's ...
Registered in 0.019924 seconds.
Begin MonoManager ReloadAssembly
Symbol file LoadedFromMemory doesn't match image C:\Users\aaron\Documents\GitHub\EvokedOffice\EvokedOffice\Library\PackageCache\com.unity.visualscripting@1.7.8\Editor\VisualScripting.Core\Dependencies\YamlDotNet\Unity.VisualScripting.YamlDotNet.dll
Symbol file LoadedFromMemory doesn't match image C:\Users\aaron\Documents\GitHub\EvokedOffice\EvokedOffice\Library\PackageCache\com.unity.visualscripting@1.7.8\Editor\VisualScripting.Core\Dependencies\DotNetZip\Unity.VisualScripting.IonicZip.dll
Native extension for WindowsStandalone target not found
Native extension for WebGL target not found
Refreshing native plugins compatible for Editor in 1.27 ms, found 3 plugins.
Preloading 0 native plugins for Editor in 0.00 ms.
Mono: successfully reloaded assembly
- Completed reload, in  2.386 seconds
Domain Reload Profiling:
	ReloadAssembly (2387ms)
		BeginReloadAssembly (314ms)
			ExecutionOrderSort (0ms)
			DisableScriptedObjects (9ms)
			BackupInstance (0ms)
			ReleaseScriptingObjects (0ms)
			CreateAndSetChildDomain (61ms)
		EndReloadAssembly (1865ms)
			LoadAssemblies (255ms)
			RebuildTransferFunctionScriptingTraits (0ms)
			SetupTypeCache (845ms)
			ReleaseScriptCaches (2ms)
			RebuildScriptCaches (74ms)
			SetupLoadedEditorAssemblies (651ms)
				LogAssemblyErrors (0ms)
				InitializePlatformSupportModulesInManaged (21ms)
				SetLoadedEditorAssemblies (1ms)
				RefreshPlugins (1ms)
				BeforeProcessingInitializeOnLoad (148ms)
				ProcessInitializeOnLoadAttributes (341ms)
				ProcessInitializeOnLoadMethodAttributes (122ms)
				AfterProcessingInitializeOnLoad (17ms)
				EditorAssembliesLoaded (0ms)
			ExecutionOrderSort2 (0ms)
			AwakeInstancesAfterBackupRestoration (24ms)
Platform modules already initialized, skipping
Refreshing native plugins compatible for Editor in 3.78 ms, found 3 plugins.
Preloading 0 native plugins for Editor in 0.00 ms.
Unloading 5242 Unused Serialized files (Serialized files now loaded: 0)
Unloading 29 unused Assets / (0.7 MB). Loaded Objects now: 5846.
Memory consumption went from 203.4 MB to 202.8 MB.
Total: 5.557600 ms (FindLiveObjects: 0.503800 ms CreateObjectMapping: 0.296800 ms MarkObjects: 4.226300 ms  DeleteObjects: 0.529300 ms)

AssetImportParameters requested are different than current active one (requested -> active):
  custom:video-decoder-ogg-theora: a1e56fd34408186e4bbccfd4996cb3dc -> 
  custom:container-muxer-webm: aa71ff27fc2769a1b78a27578f13a17b -> 
  custom:container-demuxer-webm: 4f35f7cbe854078d1ac9338744f61a02 -> 
  custom:video-encoder-webm-vp8: eb34c28f22e8b96e1ab97ce403110664 -> 
  custom:audio-encoder-webm-vorbis: bf7c407c2cedff20999df2af8eb42d56 -> 
  custom:framework-win-MediaFoundation: 216162199b28c13a410421893ffa2e32 -> 
  custom:container-demuxer-ogg: 62fdf1f143b41e24485cea50d1cbac27 -> 
  custom:video-decoder-webm-vp8: 9c59270c3fd7afecdb556c50c9e8de78 -> 
  custom:audio-decoder-ogg-vorbis: bf7c407c2cedff20999df2af8eb42d56 -> 
========================================================================
Received Import Request.
  Time since last request: 242.026537 seconds.
  path: Assets/Scripes/Axe.cs
  artifactKey: Guid(bad569a87eca29440bbcde901c419723) Importer(815301076,1909f56bfc062723c751e8b465ee728b)
Start importing Assets/Scripes/Axe.cs using Guid(bad569a87eca29440bbcde901c419723) Importer(815301076,1909f56bfc062723c751e8b465ee728b)  -> (artifact id: '5b41b2d0a97001084def10973bb80081') in 0.017021 seconds 
========================================================================
Received Import Request.
  Time since last request: 590.894472 seconds.
  path: Assets/Moddels/Office Propts/Bed2.fbx
  artifactKey: Guid(664c7239bedfe38438faa4654a3a5478) Importer(815301076,1909f56bfc062723c751e8b465ee728b)
Start importing Assets/Moddels/Office Propts/Bed2.fbx using Guid(664c7239bedfe38438faa4654a3a5478) Importer(815301076,1909f56bfc062723c751e8b465ee728b)  -> (artifact id: 'f71ee9674f5c8ebb0d2a2a4e73be14ea') in 0.570619 seconds 
========================================================================
Received Import Request.
  Time since last request: 338.576997 seconds.
  path: Assets/Prefabs/Office Plots/Offive Assets/Bed2.prefab
  artifactKey: Guid(5a5da21b50cded14baa005851f956c69) Importer(815301076,1909f56bfc062723c751e8b465ee728b)
Start importing Assets/Prefabs/Office Plots/Offive Assets/Bed2.prefab using Guid(5a5da21b50cded14baa005851f956c69) Importer(815301076,1909f56bfc062723c751e8b465ee728b)  -> (artifact id: 'a89f341a06912a9a1c2cc55568805366') in 0.026965 seconds 
========================================================================
Received Import Request.
  Time since last request: 378.082619 seconds.
  path: Assets/Prefabs/Office Plots/Offive Assets/Seat3.prefab
  artifactKey: Guid(9cf132b32fc059844a8afc8526c60efb) Importer(815301076,1909f56bfc062723c751e8b465ee728b)
Start importing Assets/Prefabs/Office Plots/Offive Assets/Seat3.prefab using Guid(9cf132b32fc059844a8afc8526c60efb) Importer(815301076,1909f56bfc062723c751e8b465ee728b)  -> (artifact id: '92dff56f95f9c25722ccf696248bb4b2') in 0.024835 seconds 
========================================================================
Received Import Request.
  Time since last request: 24.656745 seconds.
  path: Assets/Prefabs/Evoked Plots/Evoked Plot1.prefab
  artifactKey: Guid(875197852e064724dae4e0bcddb32650) Importer(815301076,1909f56bfc062723c751e8b465ee728b)
Start importing Assets/Prefabs/Evoked Plots/Evoked Plot1.prefab using Guid(875197852e064724dae4e0bcddb32650) Importer(815301076,1909f56bfc062723c751e8b465ee728b)  -> (artifact id: 'd3e68b98a25c4fefaecd777e384874cb') in 0.456989 seconds 
========================================================================
Received Import Request.
  Time since last request: 9.665506 seconds.
  path: Assets/AstarPathfindingProject/AstarPathfindingProject.asmdef
  artifactKey: Guid(efa45043feb7e4147a305b73b5cea642) Importer(815301076,1909f56bfc062723c751e8b465ee728b)
Start importing Assets/AstarPathfindingProject/AstarPathfindingProject.asmdef using Guid(efa45043feb7e4147a305b73b5cea642) Importer(815301076,1909f56bfc062723c751e8b465ee728b)  -> (artifact id: '95a5fe7429a68756f339d1158ddf77a8') in 0.010811 seconds 
========================================================================
Received Import Request.
  Time since last request: 3.645728 seconds.
  path: Assets/Art/iMAGE/0.194 (1).png
  artifactKey: Guid(698b6b537a058c44ca2f022cca351d0f) Importer(815301076,1909f56bfc062723c751e8b465ee728b)
Start importing Assets/Art/iMAGE/0.194 (1).png using Guid(698b6b537a058c44ca2f022cca351d0f) Importer(815301076,1909f56bfc062723c751e8b465ee728b)  -> (artifact id: '6035dea0e7120a976761dad468366134') in 0.049332 seconds 
========================================================================
Received Import Request.
  Time since last request: 0.000026 seconds.
  path: Assets/Art/iMAGE/Poster4.mat
  artifactKey: Guid(ea3b8afc49a3cb245ab7d686cb70c32b) Importer(815301076,1909f56bfc062723c751e8b465ee728b)
Start importing Assets/Art/iMAGE/Poster4.mat using Guid(ea3b8afc49a3cb245ab7d686cb70c32b) Importer(815301076,1909f56bfc062723c751e8b465ee728b)  -> (artifact id: 'cf2841c8beb799d4c7f38e7c6588667b') in 0.026949 seconds 
========================================================================
Received Import Request.
  Time since last request: 0.000028 seconds.
  path: Assets/Art/iMAGE/Untitled design (1).png
  artifactKey: Guid(5e45ca2d904c50541804fef65264bcf5) Importer(815301076,1909f56bfc062723c751e8b465ee728b)
Start importing Assets/Art/iMAGE/Untitled design (1).png using Guid(5e45ca2d904c50541804fef65264bcf5) Importer(815301076,1909f56bfc062723c751e8b465ee728b)  -> (artifact id: '40e9e584ff44e41bc84a6ab411059c20') in 0.026368 seconds 
========================================================================
Received Import Request.
  Time since last request: 0.000038 seconds.
  path: Assets/Art/iMAGE/Poster2.mat
  artifactKey: Guid(eb18339361f3c40408af76033a11f704) Importer(815301076,1909f56bfc062723c751e8b465ee728b)
Start importing Assets/Art/iMAGE/Poster2.mat using Guid(eb18339361f3c40408af76033a11f704) Importer(815301076,1909f56bfc062723c751e8b465ee728b)  -> (artifact id: '1a0a1012ce400a712fb206754bfc2cbe') in 0.022807 seconds 
========================================================================
Received Import Request.
  Time since last request: 0.000027 seconds.
  path: Assets/Art/iMAGE/Untitled design.png
  artifactKey: Guid(9bf72a4b2baf52d4688db2a76f14a72a) Importer(815301076,1909f56bfc062723c751e8b465ee728b)
Start importing Assets/Art/iMAGE/Untitled design.png using Guid(9bf72a4b2baf52d4688db2a76f14a72a) Importer(815301076,1909f56bfc062723c751e8b465ee728b)  -> (artifact id: 'f9c357895bacc573c3f07a48b44d2f0d') in 0.021661 seconds 
========================================================================
Received Import Request.
  Time since last request: 0.000026 seconds.
  path: Assets/Art/iMAGE/0.194 (2).png
  artifactKey: Guid(7604cc692cc16ba479b3d3593ec8bb19) Importer(815301076,1909f56bfc062723c751e8b465ee728b)
Start importing Assets/Art/iMAGE/0.194 (2).png using Guid(7604cc692cc16ba479b3d3593ec8bb19) Importer(815301076,1909f56bfc062723c751e8b465ee728b)  -> (artifact id: '27e39c97ec9449c83a468cecce0b4bbf') in 0.021286 seconds 
========================================================================
Received Import Request.
  Time since last request: 0.000027 seconds.
  path: Assets/Art/iMAGE/0.194 (3).png
  artifactKey: Guid(3a103b202c58a7148b65df7245e7d3dc) Importer(815301076,1909f56bfc062723c751e8b465ee728b)
Start importing Assets/Art/iMAGE/0.194 (3).png using Guid(3a103b202c58a7148b65df7245e7d3dc) Importer(815301076,1909f56bfc062723c751e8b465ee728b)  -> (artifact id: 'c8658af46000ec4cd31078c1e41b3905') in 0.022959 seconds 
========================================================================
Received Import Request.
  Time since last request: 0.000026 seconds.
  path: Assets/Art/iMAGE/69.99 $.png
  artifactKey: Guid(b70966cf1ed2ff24ba59a21e82309ad6) Importer(815301076,1909f56bfc062723c751e8b465ee728b)
Start importing Assets/Art/iMAGE/69.99 $.png using Guid(b70966cf1ed2ff24ba59a21e82309ad6) Importer(815301076,1909f56bfc062723c751e8b465ee728b)  -> (artifact id: '8a7320e4dabed5753eaac910047ecd6b') in 0.020685 seconds 
========================================================================
Received Import Request.
  Time since last request: 0.000031 seconds.
  path: Assets/Art/iMAGE/Poster3.mat
  artifactKey: Guid(882e650799fb41a439d96a2bf564c9b9) Importer(815301076,1909f56bfc062723c751e8b465ee728b)
Start importing Assets/Art/iMAGE/Poster3.mat using Guid(882e650799fb41a439d96a2bf564c9b9) Importer(815301076,1909f56bfc062723c751e8b465ee728b)  -> (artifact id: '816551322d4ef32f392216b0418b270e') in 0.023760 seconds 
========================================================================
Received Import Request.
  Time since last request: 0.000029 seconds.
  path: Assets/Art/iMAGE/New Material.mat
  artifactKey: Guid(aee2532380908ed4ea582f4a04819ec9) Importer(815301076,1909f56bfc062723c751e8b465ee728b)
Start importing Assets/Art/iMAGE/New Material.mat using Guid(aee2532380908ed4ea582f4a04819ec9) Importer(815301076,1909f56bfc062723c751e8b465ee728b)  -> (artifact id: 'c440cf5d4d4b44e02b4b6891e09b1d8b') in 0.024191 seconds 
========================================================================
Received Import Request.
  Time since last request: 0.000029 seconds.
  path: Assets/Art/iMAGE/0.194.png
  artifactKey: Guid(6bbd2c95dd9c483469581e3a3f2dfc4d) Importer(815301076,1909f56bfc062723c751e8b465ee728b)
Start importing Assets/Art/iMAGE/0.194.png using Guid(6bbd2c95dd9c483469581e3a3f2dfc4d) Importer(815301076,1909f56bfc062723c751e8b465ee728b)  -> (artifact id: 'f0f43a30ff30d11a82f06da35671f2e4') in 0.020428 seconds 
========================================================================
Received Import Request.
  Time since last request: 0.000035 seconds.
  path: Assets/Art/iMAGE/Poster.mat
  artifactKey: Guid(66a331b65544ed748a1caa649e7771cd) Importer(815301076,1909f56bfc062723c751e8b465ee728b)
Start importing Assets/Art/iMAGE/Poster.mat using Guid(66a331b65544ed748a1caa649e7771cd) Importer(815301076,1909f56bfc062723c751e8b465ee728b)  -> (artifact id: '189e73b7f94452e0d5863fb7fcb29f14') in 0.021635 seconds 
========================================================================
Received Import Request.
  Time since last request: 0.000027 seconds.
  path: Assets/Art/iMAGE/Poster1.mat
  artifactKey: Guid(84bf476169be1bd44bedbb6bfaf00191) Importer(815301076,1909f56bfc062723c751e8b465ee728b)
Start importing Assets/Art/iMAGE/Poster1.mat using Guid(84bf476169be1bd44bedbb6bfaf00191) Importer(815301076,1909f56bfc062723c751e8b465ee728b)  -> (artifact id: 'dbed786c0f8403e4a5db92278b2bb73c') in 0.025005 seconds 
========================================================================
Received Import Request.
  Time since last request: 0.347134 seconds.
  path: Assets/Art/OfficeProps/Caff Floor.mat
  artifactKey: Guid(39fda458acaf21f459e825152d6ba6a7) Importer(815301076,1909f56bfc062723c751e8b465ee728b)
Start importing Assets/Art/OfficeProps/Caff Floor.mat using Guid(39fda458acaf21f459e825152d6ba6a7) Importer(815301076,1909f56bfc062723c751e8b465ee728b)  -> (artifact id: '2fe09f3a8f1038ee3b1f901c0a1537b6') in 0.028805 seconds 
========================================================================
Received Import Request.
  Time since last request: 0.000029 seconds.
  path: Assets/Art/OfficeProps/Cubile Boared.mat
  artifactKey: Guid(a5fa4c075b49bba418c1ab5fe9fd890e) Importer(815301076,1909f56bfc062723c751e8b465ee728b)
Start importing Assets/Art/OfficeProps/Cubile Boared.mat using Guid(a5fa4c075b49bba418c1ab5fe9fd890e) Importer(815301076,1909f56bfc062723c751e8b465ee728b)  -> (artifact id: 'e6a0b3c5f6e03d97dc99200c404c2fdc') in 0.022987 seconds 
========================================================================
Received Import Request.
  Time since last request: 0.000061 seconds.
  path: Assets/Art/OfficeProps/Wood.mat
  artifactKey: Guid(5a4a8dd354698804e8719c10b40c5ea8) Importer(815301076,1909f56bfc062723c751e8b465ee728b)
Start importing Assets/Art/OfficeProps/Wood.mat using Guid(5a4a8dd354698804e8719c10b40c5ea8) Importer(815301076,1909f56bfc062723c751e8b465ee728b)  -> (artifact id: '1aafecb0554f4303aac59483f92d5e0c') in 0.021925 seconds 
========================================================================
Received Import Request.
  Time since last request: 0.000027 seconds.
  path: Assets/Art/OfficeProps/WoodFloor.mat
  artifactKey: Guid(e136f3e30f7b0e24ab60687736bd9cc7) Importer(815301076,1909f56bfc062723c751e8b465ee728b)
Start importing Assets/Art/OfficeProps/WoodFloor.mat using Guid(e136f3e30f7b0e24ab60687736bd9cc7) Importer(815301076,1909f56bfc062723c751e8b465ee728b)  -> (artifact id: 'e09823db4ab1558a5312db6bb637bf11') in 0.025652 seconds 
========================================================================
Received Import Request.
  Time since last request: 0.000026 seconds.
  path: Assets/Art/OfficeProps/OfficeWallBoarder.mat
  artifactKey: Guid(8a86538a73c56274e806a32f73d5a6e1) Importer(815301076,1909f56bfc062723c751e8b465ee728b)
Start importing Assets/Art/OfficeProps/OfficeWallBoarder.mat using Guid(8a86538a73c56274e806a32f73d5a6e1) Importer(815301076,1909f56bfc062723c751e8b465ee728b)  -> (artifact id: '52f7c90158c6ab4b9360c74c3290a849') in 0.022426 seconds 
========================================================================
Received Import Request.
  Time since last request: 0.000027 seconds.
  path: Assets/Art/OfficeProps/PC.mat
  artifactKey: Guid(f6971dc19dd14074a9d47ed41a5a42b4) Importer(815301076,1909f56bfc062723c751e8b465ee728b)
Start importing Assets/Art/OfficeProps/PC.mat using Guid(f6971dc19dd14074a9d47ed41a5a42b4) Importer(815301076,1909f56bfc062723c751e8b465ee728b)  -> (artifact id: 'b069896bdda7e51966ff0cfa850bb727') in 0.020453 seconds 
========================================================================
Received Import Request.
  Time since last request: 0.000028 seconds.
  path: Assets/Art/OfficeProps/Glass.mat
  artifactKey: Guid(b8bbdb1c5731a9b48ab9c59e84f6796e) Importer(815301076,1909f56bfc062723c751e8b465ee728b)
Start importing Assets/Art/OfficeProps/Glass.mat using Guid(b8bbdb1c5731a9b48ab9c59e84f6796e) Importer(815301076,1909f56bfc062723c751e8b465ee728b)  -> (artifact id: 'bf7f7327ca74c279a180b4df5b04101f') in 0.021809 seconds 
========================================================================
Received Import Request.
  Time since last request: 0.000028 seconds.
  path: Assets/Art/OfficeProps/GlassLine.mat
  artifactKey: Guid(e17a25a603fff934b948de217aeef098) Importer(815301076,1909f56bfc062723c751e8b465ee728b)
Start importing Assets/Art/OfficeProps/GlassLine.mat using Guid(e17a25a603fff934b948de217aeef098) Importer(815301076,1909f56bfc062723c751e8b465ee728b)  -> (artifact id: '5ab41ff537b003e5f96d0cca0656d1a7') in 0.030551 seconds 
========================================================================
Received Import Request.
  Time since last request: 0.000027 seconds.
  path: Assets/Art/OfficeProps/Grass.mat
  artifactKey: Guid(6d4da97ccd02f3042a6c47b023c5d39f) Importer(815301076,1909f56bfc062723c751e8b465ee728b)
Start importing Assets/Art/OfficeProps/Grass.mat using Guid(6d4da97ccd02f3042a6c47b023c5d39f) Importer(815301076,1909f56bfc062723c751e8b465ee728b)  -> (artifact id: '5976f3fefeef659a86f75d9665252285') in 0.021449 seconds 
========================================================================
Received Import Request.
  Time since last request: 0.000034 seconds.
  path: Assets/Art/OfficeProps/New Material.mat
  artifactKey: Guid(5f224a57558e5764a91c2e451a923c19) Importer(815301076,1909f56bfc062723c751e8b465ee728b)
Start importing Assets/Art/OfficeProps/New Material.mat using Guid(5f224a57558e5764a91c2e451a923c19) Importer(815301076,1909f56bfc062723c751e8b465ee728b)  -> (artifact id: 'a1e58dc6e4f197d156f611af67ccc08b') in 0.026218 seconds 
========================================================================
Received Import Request.
  Time since last request: 0.000034 seconds.
  path: Assets/Art/OfficeProps/Shelfpole.mat
  artifactKey: Guid(abb8326b170cb694b822ef5a0949e6e5) Importer(815301076,1909f56bfc062723c751e8b465ee728b)
Start importing Assets/Art/OfficeProps/Shelfpole.mat using Guid(abb8326b170cb694b822ef5a0949e6e5) Importer(815301076,1909f56bfc062723c751e8b465ee728b)  -> (artifact id: '90416bdbc476063f87c0cd4cc6d2dc6c') in 0.021581 seconds 
========================================================================
Received Import Request.
  Time since last request: 0.000026 seconds.
  path: Assets/Art/OfficeProps/TabelTop.mat
  artifactKey: Guid(d27326325ab7aa8488e37bc7e242ced5) Importer(815301076,1909f56bfc062723c751e8b465ee728b)
Start importing Assets/Art/OfficeProps/TabelTop.mat using Guid(d27326325ab7aa8488e37bc7e242ced5) Importer(815301076,1909f56bfc062723c751e8b465ee728b)  -> (artifact id: '340db730c06b59335bc577af0d2c121c') in 0.023775 seconds 
========================================================================
Received Import Request.
  Time since last request: 0.000026 seconds.
  path: Assets/Art/OfficeProps/Cubile.mat
  artifactKey: Guid(6e712724cdd30af499a91a3f9f0d7be2) Importer(815301076,1909f56bfc062723c751e8b465ee728b)
Start importing Assets/Art/OfficeProps/Cubile.mat using Guid(6e712724cdd30af499a91a3f9f0d7be2) Importer(815301076,1909f56bfc062723c751e8b465ee728b)  -> (artifact id: '7ebd2887761da0394aaf7753ca1a02ce') in 0.023259 seconds 
========================================================================
Received Import Request.
  Time since last request: 0.000026 seconds.
  path: Assets/Art/OfficeProps/Lights.mat
  artifactKey: Guid(ca6f1701f3945b146a664c021ec2a50c) Importer(815301076,1909f56bfc062723c751e8b465ee728b)
Start importing Assets/Art/OfficeProps/Lights.mat using Guid(ca6f1701f3945b146a664c021ec2a50c) Importer(815301076,1909f56bfc062723c751e8b465ee728b)  -> (artifact id: '6632e1b360dfa9360529ae8e57e1ebc7') in 0.021523 seconds 
========================================================================
Received Import Request.
  Time since last request: 0.000032 seconds.
  path: Assets/Art/OfficeProps/Roof.mat
  artifactKey: Guid(84e05eb8d28a1c44f81f4008f864511c) Importer(815301076,1909f56bfc062723c751e8b465ee728b)
Start importing Assets/Art/OfficeProps/Roof.mat using Guid(84e05eb8d28a1c44f81f4008f864511c) Importer(815301076,1909f56bfc062723c751e8b465ee728b)  -> (artifact id: '49f2f7dad2772e03ebe93b012489ed83') in 0.022245 seconds 
========================================================================
Received Import Request.
  Time since last request: 0.000025 seconds.
  path: Assets/Art/OfficeProps/New Material 2.mat
  artifactKey: Guid(158cf9d92cb4eb248beacacab117d9fa) Importer(815301076,1909f56bfc062723c751e8b465ee728b)
Start importing Assets/Art/OfficeProps/New Material 2.mat using Guid(158cf9d92cb4eb248beacacab117d9fa) Importer(815301076,1909f56bfc062723c751e8b465ee728b)  -> (artifact id: '11dd1517e24c281cd2a16c8b8d15dd4d') in 0.021452 seconds 
========================================================================
Received Import Request.
  Time since last request: 0.000027 seconds.
  path: Assets/Art/OfficeProps/Carboard.mat
  artifactKey: Guid(e5988b95b81b1fb4daf16a4de53643fa) Importer(815301076,1909f56bfc062723c751e8b465ee728b)
Start importing Assets/Art/OfficeProps/Carboard.mat using Guid(e5988b95b81b1fb4daf16a4de53643fa) Importer(815301076,1909f56bfc062723c751e8b465ee728b)  -> (artifact id: '08f38f98fde8d380bea801bf0939d188') in 0.021689 seconds 
========================================================================
Received Import Request.
  Time since last request: 0.000028 seconds.
  path: Assets/Art/OfficeProps/Couch2.mat
  artifactKey: Guid(d29a64cab3795e74b84cc9b751f2ba68) Importer(815301076,1909f56bfc062723c751e8b465ee728b)
Start importing Assets/Art/OfficeProps/Couch2.mat using Guid(d29a64cab3795e74b84cc9b751f2ba68) Importer(815301076,1909f56bfc062723c751e8b465ee728b)  -> (artifact id: 'c509e3eb3783236f8eaf4498df5b9ef2') in 0.023351 seconds 
========================================================================
Received Import Request.
  Time since last request: 0.000035 seconds.
  path: Assets/Art/OfficeProps/Seat2.mat
  artifactKey: Guid(a10028a4b79d7244a8a7b618a5513eba) Importer(815301076,1909f56bfc062723c751e8b465ee728b)
Start importing Assets/Art/OfficeProps/Seat2.mat using Guid(a10028a4b79d7244a8a7b618a5513eba) Importer(815301076,1909f56bfc062723c751e8b465ee728b)  -> (artifact id: '3ef947d2206e1cd59b65cf4315256d51') in 0.021292 seconds 
========================================================================
Received Import Request.
  Time since last request: 0.000028 seconds.
  path: Assets/Art/OfficeProps/TabelLag.mat
  artifactKey: Guid(8c05e67ae5bc9a44e8855192a5f78dfb) Importer(815301076,1909f56bfc062723c751e8b465ee728b)
Start importing Assets/Art/OfficeProps/TabelLag.mat using Guid(8c05e67ae5bc9a44e8855192a5f78dfb) Importer(815301076,1909f56bfc062723c751e8b465ee728b)  -> (artifact id: '8f69a395b4a66f377ff478b955007638') in 0.021025 seconds 
========================================================================
Received Import Request.
  Time since last request: 0.000025 seconds.
  path: Assets/Art/OfficeProps/Venting.mat
  artifactKey: Guid(e54fec5f230f7f247a4ff9327cf2f4bb) Importer(815301076,1909f56bfc062723c751e8b465ee728b)
Start importing Assets/Art/OfficeProps/Venting.mat using Guid(e54fec5f230f7f247a4ff9327cf2f4bb) Importer(815301076,1909f56bfc062723c751e8b465ee728b)  -> (artifact id: '7ce67c763231c65e2fe1e93784c73487') in 0.021460 seconds 
========================================================================
Received Import Request.
  Time since last request: 2.476290 seconds.
  path: Assets/Art/OfficeProps
  artifactKey: Guid(f3653c6f95d758f4f991d491a6cb886a) Importer(815301076,1909f56bfc062723c751e8b465ee728b)
Start importing Assets/Art/OfficeProps using Guid(f3653c6f95d758f4f991d491a6cb886a) Importer(815301076,1909f56bfc062723c751e8b465ee728b)  -> (artifact id: '67887eee09212e5416dc7eec564bff40') in 0.009030 seconds 
========================================================================
Received Import Request.
  Time since last request: 10.678953 seconds.
  path: Assets/Art/OfficeProps/Bed2Frame.mat
  artifactKey: Guid(9ecb4b8b0c087f14d85b9916c4fed853) Importer(815301076,1909f56bfc062723c751e8b465ee728b)
Start importing Assets/Art/OfficeProps/Bed2Frame.mat using Guid(9ecb4b8b0c087f14d85b9916c4fed853) Importer(815301076,1909f56bfc062723c751e8b465ee728b)  -> (artifact id: 'bf0b7e6067c0bbc9e90daa287d7b2d4d') in 0.023490 seconds 
========================================================================
Received Import Request.
  Time since last request: 33.382370 seconds.
  path: Assets/Prefabs/Evoked Plots/Evoked Plot1.prefab
  artifactKey: Guid(875197852e064724dae4e0bcddb32650) Importer(815301076,1909f56bfc062723c751e8b465ee728b)
Start importing Assets/Prefabs/Evoked Plots/Evoked Plot1.prefab using Guid(875197852e064724dae4e0bcddb32650) Importer(815301076,1909f56bfc062723c751e8b465ee728b)  -> (artifact id: '97b57f4c50e070cbbbe0e26b96188983') in 0.221452 seconds 
========================================================================
Received Import Request.
  Time since last request: 1.094137 seconds.
  path: Assets/Prefabs/Office Plots/Offive Assets/Bed2.prefab
  artifactKey: Guid(5a5da21b50cded14baa005851f956c69) Importer(815301076,1909f56bfc062723c751e8b465ee728b)
Start importing Assets/Prefabs/Office Plots/Offive Assets/Bed2.prefab using Guid(5a5da21b50cded14baa005851f956c69) Importer(815301076,1909f56bfc062723c751e8b465ee728b)  -> (artifact id: '24a975a80659e9538768ea0aea07be22') in 0.022555 seconds 
========================================================================
Received Import Request.
  Time since last request: 9.477282 seconds.
  path: Assets/Prefabs/Office Plots/Offive Assets/Bed2.prefab
  artifactKey: Guid(5a5da21b50cded14baa005851f956c69) Importer(815301076,1909f56bfc062723c751e8b465ee728b)
Start importing Assets/Prefabs/Office Plots/Offive Assets/Bed2.prefab using Guid(5a5da21b50cded14baa005851f956c69) Importer(815301076,1909f56bfc062723c751e8b465ee728b)  -> (artifact id: 'c76eaf749e9ed9236567ba89c053a87e') in 0.020153 seconds 
========================================================================
Received Import Request.
  Time since last request: 0.979302 seconds.
  path: Assets/Prefabs/Office Plots/Offive Assets/Bed2.prefab
  artifactKey: Guid(5a5da21b50cded14baa005851f956c69) Importer(815301076,1909f56bfc062723c751e8b465ee728b)
Start importing Assets/Prefabs/Office Plots/Offive Assets/Bed2.prefab using Guid(5a5da21b50cded14baa005851f956c69) Importer(815301076,1909f56bfc062723c751e8b465ee728b)  -> (artifact id: '46cf096b0508aedf47bac40b44fe1ebc') in 0.023973 seconds 
========================================================================
Received Import Request.
  Time since last request: 3.208756 seconds.
  path: Assets/Prefabs/Office Plots/Offive Assets/Bed2.prefab
  artifactKey: Guid(5a5da21b50cded14baa005851f956c69) Importer(815301076,1909f56bfc062723c751e8b465ee728b)
Start importing Assets/Prefabs/Office Plots/Offive Assets/Bed2.prefab using Guid(5a5da21b50cded14baa005851f956c69) Importer(815301076,1909f56bfc062723c751e8b465ee728b)  -> (artifact id: '3a179a676b807b2624aeb3b33855f9ab') in 0.021834 seconds 
========================================================================
Received Import Request.
  Time since last request: 8.444473 seconds.
  path: Assets/Prefabs/Office Plots/Offive Assets/Bed2.prefab
  artifactKey: Guid(5a5da21b50cded14baa005851f956c69) Importer(815301076,1909f56bfc062723c751e8b465ee728b)
Start importing Assets/Prefabs/Office Plots/Offive Assets/Bed2.prefab using Guid(5a5da21b50cded14baa005851f956c69) Importer(815301076,1909f56bfc062723c751e8b465ee728b)  -> (artifact id: 'd134c4e217c3fe51e6851a0095b327a1') in 0.018106 seconds 
========================================================================
Received Import Request.
  Time since last request: 3.756208 seconds.
  path: Assets/Prefabs/Evoked Plots/Evoked Plot1.prefab
  artifactKey: Guid(875197852e064724dae4e0bcddb32650) Importer(815301076,1909f56bfc062723c751e8b465ee728b)
Start importing Assets/Prefabs/Evoked Plots/Evoked Plot1.prefab using Guid(875197852e064724dae4e0bcddb32650) Importer(815301076,1909f56bfc062723c751e8b465ee728b)  -> (artifact id: '18673c326785f761ac234ad3ae00a7f2') in 0.218751 seconds 
========================================================================
Received Import Request.
  Time since last request: 12.064256 seconds.
  path: Assets/Prefabs/Evoked Plots/Evoked Plot1.prefab
  artifactKey: Guid(875197852e064724dae4e0bcddb32650) Importer(815301076,1909f56bfc062723c751e8b465ee728b)
Start importing Assets/Prefabs/Evoked Plots/Evoked Plot1.prefab using Guid(875197852e064724dae4e0bcddb32650) Importer(815301076,1909f56bfc062723c751e8b465ee728b)  -> (artifact id: '6d2f650fafc632f536529e26a5e00328') in 0.222577 seconds 
========================================================================
Received Import Request.
  Time since last request: 22.342603 seconds.
  path: Assets/Prefabs/Office Plots/Offive Assets/Bed2.prefab
  artifactKey: Guid(5a5da21b50cded14baa005851f956c69) Importer(815301076,1909f56bfc062723c751e8b465ee728b)
Start importing Assets/Prefabs/Office Plots/Offive Assets/Bed2.prefab using Guid(5a5da21b50cded14baa005851f956c69) Importer(815301076,1909f56bfc062723c751e8b465ee728b)  -> (artifact id: '3ea2b3dba28b5f4a86428ea91d4bf02f') in 0.020354 seconds 
========================================================================
Received Import Request.
  Time since last request: 5.985941 seconds.
  path: Assets/Prefabs/Evoked Plots/Evoked Plot1.prefab
  artifactKey: Guid(875197852e064724dae4e0bcddb32650) Importer(815301076,1909f56bfc062723c751e8b465ee728b)
Start importing Assets/Prefabs/Evoked Plots/Evoked Plot1.prefab using Guid(875197852e064724dae4e0bcddb32650) Importer(815301076,1909f56bfc062723c751e8b465ee728b)  -> (artifact id: '33c08581234fe4285f35b901cfbb2a60') in 0.218623 seconds 
========================================================================
Received Import Request.
  Time since last request: 7.482688 seconds.
  path: Assets/Prefabs/Evoked Plots/Evoked Plot1.prefab
  artifactKey: Guid(875197852e064724dae4e0bcddb32650) Importer(815301076,1909f56bfc062723c751e8b465ee728b)
Start importing Assets/Prefabs/Evoked Plots/Evoked Plot1.prefab using Guid(875197852e064724dae4e0bcddb32650) Importer(815301076,1909f56bfc062723c751e8b465ee728b)  -> (artifact id: 'e00241e914c75d00c45ecf3cc7889b73') in 0.226468 seconds 
========================================================================
Received Import Request.
  Time since last request: 3.572156 seconds.
  path: Assets/Prefabs/Evoked Plots/Evoked Plot1.prefab
  artifactKey: Guid(875197852e064724dae4e0bcddb32650) Importer(815301076,1909f56bfc062723c751e8b465ee728b)
Start importing Assets/Prefabs/Evoked Plots/Evoked Plot1.prefab using Guid(875197852e064724dae4e0bcddb32650) Importer(815301076,1909f56bfc062723c751e8b465ee728b)  -> (artifact id: 'a590f745a285def38585e86cc797de11') in 0.223429 seconds 
========================================================================
Received Import Request.
  Time since last request: 1.471788 seconds.
  path: Assets/Prefabs/Evoked Plots/Evoked Plot1.prefab
  artifactKey: Guid(875197852e064724dae4e0bcddb32650) Importer(815301076,1909f56bfc062723c751e8b465ee728b)
Start importing Assets/Prefabs/Evoked Plots/Evoked Plot1.prefab using Guid(875197852e064724dae4e0bcddb32650) Importer(815301076,1909f56bfc062723c751e8b465ee728b)  -> (artifact id: '895bfe3b1141b02cd25d54c7f637bf5b') in 0.242317 seconds 
========================================================================
Received Import Request.
  Time since last request: 6.303549 seconds.
  path: Assets/Prefabs/Evoked Plots/Evoked Plot1.prefab
  artifactKey: Guid(875197852e064724dae4e0bcddb32650) Importer(815301076,1909f56bfc062723c751e8b465ee728b)
Start importing Assets/Prefabs/Evoked Plots/Evoked Plot1.prefab using Guid(875197852e064724dae4e0bcddb32650) Importer(815301076,1909f56bfc062723c751e8b465ee728b)  -> (artifact id: 'f990e7b0dee2d2f45866bfe0baa7f8b9') in 0.237726 seconds 
========================================================================
Received Import Request.
  Time since last request: 4.742678 seconds.
  path: Assets/Prefabs/Evoked Plots/Evoked Plot1.prefab
  artifactKey: Guid(875197852e064724dae4e0bcddb32650) Importer(815301076,1909f56bfc062723c751e8b465ee728b)
Start importing Assets/Prefabs/Evoked Plots/Evoked Plot1.prefab using Guid(875197852e064724dae4e0bcddb32650) Importer(815301076,1909f56bfc062723c751e8b465ee728b)  -> (artifact id: 'fa7a8e09bf8d88a353131091073f2c79') in 0.245174 seconds 
========================================================================
Received Import Request.
  Time since last request: 5.487244 seconds.
  path: Assets/Prefabs/Evoked Plots/Evoked Plot1.prefab
  artifactKey: Guid(875197852e064724dae4e0bcddb32650) Importer(815301076,1909f56bfc062723c751e8b465ee728b)
Start importing Assets/Prefabs/Evoked Plots/Evoked Plot1.prefab using Guid(875197852e064724dae4e0bcddb32650) Importer(815301076,1909f56bfc062723c751e8b465ee728b)  -> (artifact id: 'f0920e38d5adfd00077bb0cb28a82a6f') in 0.223747 seconds 
========================================================================
Received Import Request.
  Time since last request: 4.789827 seconds.
  path: Assets/Prefabs/Evoked Plots/Evoked Plot1.prefab
  artifactKey: Guid(875197852e064724dae4e0bcddb32650) Importer(815301076,1909f56bfc062723c751e8b465ee728b)
Start importing Assets/Prefabs/Evoked Plots/Evoked Plot1.prefab using Guid(875197852e064724dae4e0bcddb32650) Importer(815301076,1909f56bfc062723c751e8b465ee728b)  -> (artifact id: 'da21b2300380f005ebe77daf32ceb275') in 0.240227 seconds 
========================================================================
Received Import Request.
  Time since last request: 4.089167 seconds.
  path: Assets/Prefabs/Evoked Plots/Evoked Plot1.prefab
  artifactKey: Guid(875197852e064724dae4e0bcddb32650) Importer(815301076,1909f56bfc062723c751e8b465ee728b)
Start importing Assets/Prefabs/Evoked Plots/Evoked Plot1.prefab using Guid(875197852e064724dae4e0bcddb32650) Importer(815301076,1909f56bfc062723c751e8b465ee728b)  -> (artifact id: 'e414979b1b65b736aaa65be418e9674d') in 0.236533 seconds 
========================================================================
Received Import Request.
  Time since last request: 21.863493 seconds.
  path: Assets/Prefabs/Evoked Plots/Evoked Plot1.prefab
  artifactKey: Guid(875197852e064724dae4e0bcddb32650) Importer(815301076,1909f56bfc062723c751e8b465ee728b)
Start importing Assets/Prefabs/Evoked Plots/Evoked Plot1.prefab using Guid(875197852e064724dae4e0bcddb32650) Importer(815301076,1909f56bfc062723c751e8b465ee728b)  -> (artifact id: 'ce4e2bc24a6cab8b7c7a14655fefe2e0') in 0.222380 seconds 
========================================================================
Received Import Request.
  Time since last request: 26.761602 seconds.
  path: Assets/Prefabs/Evoked Plots/Evoked Plot1.prefab
  artifactKey: Guid(875197852e064724dae4e0bcddb32650) Importer(815301076,1909f56bfc062723c751e8b465ee728b)
Start importing Assets/Prefabs/Evoked Plots/Evoked Plot1.prefab using Guid(875197852e064724dae4e0bcddb32650) Importer(815301076,1909f56bfc062723c751e8b465ee728b)  -> (artifact id: 'f576f04413c1547b16ae0752a704c0b6') in 0.231695 seconds 
========================================================================
Received Import Request.
  Time since last request: 9.536272 seconds.
  path: Assets/Prefabs/Evoked Plots/Evoked Plot1.prefab
  artifactKey: Guid(875197852e064724dae4e0bcddb32650) Importer(815301076,1909f56bfc062723c751e8b465ee728b)
Start importing Assets/Prefabs/Evoked Plots/Evoked Plot1.prefab using Guid(875197852e064724dae4e0bcddb32650) Importer(815301076,1909f56bfc062723c751e8b465ee728b)  -> (artifact id: '590857a7b145d3e4403eea1fe8fb76e5') in 0.221095 seconds 
========================================================================
Received Import Request.
  Time since last request: 9.758492 seconds.
  path: Assets/Prefabs/Evoked Plots/Evoked Plot1.prefab
  artifactKey: Guid(875197852e064724dae4e0bcddb32650) Importer(815301076,1909f56bfc062723c751e8b465ee728b)
Start importing Assets/Prefabs/Evoked Plots/Evoked Plot1.prefab using Guid(875197852e064724dae4e0bcddb32650) Importer(815301076,1909f56bfc062723c751e8b465ee728b)  -> (artifact id: '19e1a5f114a816ef211f43dc6c5de68e') in 0.230433 seconds 
========================================================================
Received Import Request.
  Time since last request: 10.365018 seconds.
  path: Assets/Prefabs/Evoked Plots/Evoked Plot1.prefab
  artifactKey: Guid(875197852e064724dae4e0bcddb32650) Importer(815301076,1909f56bfc062723c751e8b465ee728b)
Start importing Assets/Prefabs/Evoked Plots/Evoked Plot1.prefab using Guid(875197852e064724dae4e0bcddb32650) Importer(815301076,1909f56bfc062723c751e8b465ee728b)  -> (artifact id: '88c964906394ea283b4a046a77e97b85') in 0.244186 seconds 
========================================================================
Received Import Request.
  Time since last request: 22.269060 seconds.
  path: Assets/Art/Office walls/Floor.mat
  artifactKey: Guid(ca79609f75acadf4583bdf58ce860783) Importer(815301076,1909f56bfc062723c751e8b465ee728b)
Start importing Assets/Art/Office walls/Floor.mat using Guid(ca79609f75acadf4583bdf58ce860783) Importer(815301076,1909f56bfc062723c751e8b465ee728b)  -> (artifact id: '27714603ae9bd302b50a4238436e9ecc') in 0.022845 seconds 
========================================================================
Received Import Request.
  Time since last request: 0.000028 seconds.
  path: Assets/Art/Office walls/Lower wall.mat
  artifactKey: Guid(4814dbd45b24bb64283752a8c5057f6b) Importer(815301076,1909f56bfc062723c751e8b465ee728b)
Start importing Assets/Art/Office walls/Lower wall.mat using Guid(4814dbd45b24bb64283752a8c5057f6b) Importer(815301076,1909f56bfc062723c751e8b465ee728b)  -> (artifact id: '2e96a2506a89766a238436352e23bee1') in 0.024554 seconds 
========================================================================
Received Import Request.
  Time since last request: 0.000026 seconds.
  path: Assets/Art/Office walls/istockphoto-1257057327-612x612.jpg
  artifactKey: Guid(1f2efbdd7949eb44189c8b1f5cb0332b) Importer(815301076,1909f56bfc062723c751e8b465ee728b)
Start importing Assets/Art/Office walls/istockphoto-1257057327-612x612.jpg using Guid(1f2efbdd7949eb44189c8b1f5cb0332b) Importer(815301076,1909f56bfc062723c751e8b465ee728b)  -> (artifact id: '8fc79bfceafef81bbcdda60fbe282e99') in 0.064197 seconds 
========================================================================
Received Import Request.
  Time since last request: 0.000031 seconds.
  path: Assets/Art/Office walls/New Material.mat
  artifactKey: Guid(a8ee8af0750042c4f957711ed0f44074) Importer(815301076,1909f56bfc062723c751e8b465ee728b)
Start importing Assets/Art/Office walls/New Material.mat using Guid(a8ee8af0750042c4f957711ed0f44074) Importer(815301076,1909f56bfc062723c751e8b465ee728b)  -> (artifact id: '0975839e72804e94db8fb7334d230153') in 0.019375 seconds 
========================================================================
Received Import Request.
  Time since last request: 0.000035 seconds.
  path: Assets/Art/Office walls/Walls.mat
  artifactKey: Guid(0876c3f52aa5ae648b59d8b01aee5169) Importer(815301076,1909f56bfc062723c751e8b465ee728b)
Start importing Assets/Art/Office walls/Walls.mat using Guid(0876c3f52aa5ae648b59d8b01aee5169) Importer(815301076,1909f56bfc062723c751e8b465ee728b)  -> (artifact id: '8d02941e4c76d11951308d8b385d82fe') in 0.022646 seconds 
========================================================================
Received Import Request.
  Time since last request: 0.000026 seconds.
  path: Assets/Art/Office walls/static.jpg
  artifactKey: Guid(c470df354ccfee74cbb3134c508985f7) Importer(815301076,1909f56bfc062723c751e8b465ee728b)
Start importing Assets/Art/Office walls/static.jpg using Guid(c470df354ccfee74cbb3134c508985f7) Importer(815301076,1909f56bfc062723c751e8b465ee728b)  -> (artifact id: '5d74ba29d34c7e4ab0626a0d90cc4cf3') in 0.365983 seconds 
========================================================================
Received Import Request.
  Time since last request: 0.000028 seconds.
  path: Assets/Art/Office walls/Roof.mat
  artifactKey: Guid(72b4e9600bc2db649a0069c418f16369) Importer(815301076,1909f56bfc062723c751e8b465ee728b)
Start importing Assets/Art/Office walls/Roof.mat using Guid(72b4e9600bc2db649a0069c418f16369) Importer(815301076,1909f56bfc062723c751e8b465ee728b)  -> (artifact id: 'eb21a495fe8ff345458000aeafd6bd8d') in 0.028516 seconds 
========================================================================
Received Import Request.
  Time since last request: 7.062260 seconds.
  path: Assets/Art/OfficeProps/Bed2Frame.mat
  artifactKey: Guid(9ecb4b8b0c087f14d85b9916c4fed853) Importer(815301076,1909f56bfc062723c751e8b465ee728b)
Start importing Assets/Art/OfficeProps/Bed2Frame.mat using Guid(9ecb4b8b0c087f14d85b9916c4fed853) Importer(815301076,1909f56bfc062723c751e8b465ee728b)  -> (artifact id: '99c328055131deaedcef3972c1e18a4c') in 0.019680 seconds 
========================================================================
Received Import Request.
  Time since last request: 0.000024 seconds.
  path: Assets/Art/OfficeProps/New Material 1.mat
  artifactKey: Guid(d139b78adf15fcb46a8132048e9a9a84) Importer(815301076,1909f56bfc062723c751e8b465ee728b)
Start importing Assets/Art/OfficeProps/New Material 1.mat using Guid(d139b78adf15fcb46a8132048e9a9a84) Importer(815301076,1909f56bfc062723c751e8b465ee728b)  -> (artifact id: '73c7cd1749291ce822b8b9bc4d37e860') in 0.023198 seconds 
========================================================================
Received Prepare
Registering precompiled user dll's ...
Registered in 0.016072 seconds.
Begin MonoManager ReloadAssembly
Symbol file LoadedFromMemory doesn't match image C:\Users\aaron\Documents\GitHub\EvokedOffice\EvokedOffice\Library\PackageCache\com.unity.visualscripting@1.7.8\Editor\VisualScripting.Core\Dependencies\YamlDotNet\Unity.VisualScripting.YamlDotNet.dll
Symbol file LoadedFromMemory doesn't match image C:\Users\aaron\Documents\GitHub\EvokedOffice\EvokedOffice\Library\PackageCache\com.unity.visualscripting@1.7.8\Editor\VisualScripting.Core\Dependencies\DotNetZip\Unity.VisualScripting.IonicZip.dll
Native extension for WindowsStandalone target not found
Native extension for WebGL target not found
Refreshing native plugins compatible for Editor in 1.37 ms, found 3 plugins.
Preloading 0 native plugins for Editor in 0.00 ms.
Mono: successfully reloaded assembly
- Completed reload, in  2.193 seconds
Domain Reload Profiling:
	ReloadAssembly (2194ms)
		BeginReloadAssembly (228ms)
			ExecutionOrderSort (0ms)
			DisableScriptedObjects (11ms)
			BackupInstance (0ms)
			ReleaseScriptingObjects (0ms)
			CreateAndSetChildDomain (67ms)
		EndReloadAssembly (1779ms)
			LoadAssemblies (160ms)
			RebuildTransferFunctionScriptingTraits (0ms)
			SetupTypeCache (629ms)
			ReleaseScriptCaches (3ms)
			RebuildScriptCaches (90ms)
			SetupLoadedEditorAssemblies (736ms)
				LogAssemblyErrors (0ms)
				InitializePlatformSupportModulesInManaged (24ms)
				SetLoadedEditorAssemblies (1ms)
				RefreshPlugins (1ms)
				BeforeProcessingInitializeOnLoad (169ms)
				ProcessInitializeOnLoadAttributes (387ms)
				ProcessInitializeOnLoadMethodAttributes (135ms)
				AfterProcessingInitializeOnLoad (18ms)
				EditorAssembliesLoaded (0ms)
			ExecutionOrderSort2 (0ms)
			AwakeInstancesAfterBackupRestoration (41ms)
Platform modules already initialized, skipping
Refreshing native plugins compatible for Editor in 4.25 ms, found 3 plugins.
Preloading 0 native plugins for Editor in 0.00 ms.
Unloading 5249 Unused Serialized files (Serialized files now loaded: 0)
Unloading 29 unused Assets / (0.7 MB). Loaded Objects now: 5958.
Memory consumption went from 213.2 MB to 212.6 MB.
Total: 5.590200 ms (FindLiveObjects: 0.539200 ms CreateObjectMapping: 0.298700 ms MarkObjects: 4.237900 ms  DeleteObjects: 0.513200 ms)

AssetImportParameters requested are different than current active one (requested -> active):
  custom:video-decoder-ogg-theora: a1e56fd34408186e4bbccfd4996cb3dc -> 
  custom:container-muxer-webm: aa71ff27fc2769a1b78a27578f13a17b -> 
  custom:container-demuxer-webm: 4f35f7cbe854078d1ac9338744f61a02 -> 
  custom:video-encoder-webm-vp8: eb34c28f22e8b96e1ab97ce403110664 -> 
  custom:audio-encoder-webm-vorbis: bf7c407c2cedff20999df2af8eb42d56 -> 
  custom:framework-win-MediaFoundation: 216162199b28c13a410421893ffa2e32 -> 
  custom:container-demuxer-ogg: 62fdf1f143b41e24485cea50d1cbac27 -> 
  custom:video-decoder-webm-vp8: 9c59270c3fd7afecdb556c50c9e8de78 -> 
  custom:audio-decoder-ogg-vorbis: bf7c407c2cedff20999df2af8eb42d56 -> 
========================================================================
Received Import Request.
  Time since last request: 73.949736 seconds.
  path: Assets/Prefabs/Evoked Plots/Evoked Plot1.prefab
  artifactKey: Guid(875197852e064724dae4e0bcddb32650) Importer(815301076,1909f56bfc062723c751e8b465ee728b)
Start importing Assets/Prefabs/Evoked Plots/Evoked Plot1.prefab using Guid(875197852e064724dae4e0bcddb32650) Importer(815301076,1909f56bfc062723c751e8b465ee728b)  -> (artifact id: '4aad585e0ff69c6da60b03a00e2320ed') in 0.531987 seconds 
========================================================================
Received Import Request.
  Time since last request: 0.221846 seconds.
  path: Assets/Prefabs/Office Plots/Offive Assets/Bed2.prefab
  artifactKey: Guid(5a5da21b50cded14baa005851f956c69) Importer(815301076,1909f56bfc062723c751e8b465ee728b)
Start importing Assets/Prefabs/Office Plots/Offive Assets/Bed2.prefab using Guid(5a5da21b50cded14baa005851f956c69) Importer(815301076,1909f56bfc062723c751e8b465ee728b)  -> (artifact id: '4b04864c08b358415c38117e92edb843') in 0.024896 seconds 
========================================================================
Received Import Request.
  Time since last request: 6.490088 seconds.
  path: Assets/Prefabs/Office Plots/Offive Assets/Bed2.prefab
  artifactKey: Guid(5a5da21b50cded14baa005851f956c69) Importer(815301076,1909f56bfc062723c751e8b465ee728b)
Start importing Assets/Prefabs/Office Plots/Offive Assets/Bed2.prefab using Guid(5a5da21b50cded14baa005851f956c69) Importer(815301076,1909f56bfc062723c751e8b465ee728b)  -> (artifact id: '693fef34b86ddeb2a48896f29a851a3b') in 0.019643 seconds 
========================================================================
Received Import Request.
  Time since last request: 9.305364 seconds.
  path: Assets/Prefabs/Office Plots/Offive Assets/Bed2.prefab
  artifactKey: Guid(5a5da21b50cded14baa005851f956c69) Importer(815301076,1909f56bfc062723c751e8b465ee728b)
Start importing Assets/Prefabs/Office Plots/Offive Assets/Bed2.prefab using Guid(5a5da21b50cded14baa005851f956c69) Importer(815301076,1909f56bfc062723c751e8b465ee728b)  -> (artifact id: 'ba4518448b5fee4acaea90bf5169ae77') in 0.020072 seconds 
========================================================================
Received Prepare
Registering precompiled user dll's ...
Registered in 0.018812 seconds.
Begin MonoManager ReloadAssembly
Symbol file LoadedFromMemory doesn't match image C:\Users\aaron\Documents\GitHub\EvokedOffice\EvokedOffice\Library\PackageCache\com.unity.visualscripting@1.7.8\Editor\VisualScripting.Core\Dependencies\YamlDotNet\Unity.VisualScripting.YamlDotNet.dll
Symbol file LoadedFromMemory doesn't match image C:\Users\aaron\Documents\GitHub\EvokedOffice\EvokedOffice\Library\PackageCache\com.unity.visualscripting@1.7.8\Editor\VisualScripting.Core\Dependencies\DotNetZip\Unity.VisualScripting.IonicZip.dll
Native extension for WindowsStandalone target not found
Native extension for WebGL target not found
Refreshing native plugins compatible for Editor in 1.43 ms, found 3 plugins.
Preloading 0 native plugins for Editor in 0.00 ms.
Mono: successfully reloaded assembly
- Completed reload, in  2.188 seconds
Domain Reload Profiling:
	ReloadAssembly (2189ms)
		BeginReloadAssembly (219ms)
			ExecutionOrderSort (0ms)
			DisableScriptedObjects (12ms)
			BackupInstance (0ms)
			ReleaseScriptingObjects (0ms)
			CreateAndSetChildDomain (61ms)
		EndReloadAssembly (1796ms)
			LoadAssemblies (159ms)
			RebuildTransferFunctionScriptingTraits (0ms)
			SetupTypeCache (640ms)
			ReleaseScriptCaches (2ms)
			RebuildScriptCaches (90ms)
			SetupLoadedEditorAssemblies (744ms)
				LogAssemblyErrors (0ms)
				InitializePlatformSupportModulesInManaged (25ms)
				SetLoadedEditorAssemblies (1ms)
				RefreshPlugins (2ms)
				BeforeProcessingInitializeOnLoad (169ms)
				ProcessInitializeOnLoadAttributes (392ms)
				ProcessInitializeOnLoadMethodAttributes (138ms)
				AfterProcessingInitializeOnLoad (18ms)
				EditorAssembliesLoaded (0ms)
			ExecutionOrderSort2 (0ms)
			AwakeInstancesAfterBackupRestoration (42ms)
Platform modules already initialized, skipping
Refreshing native plugins compatible for Editor in 4.81 ms, found 3 plugins.
Preloading 0 native plugins for Editor in 0.00 ms.
Unloading 5249 Unused Serialized files (Serialized files now loaded: 0)
Unloading 29 unused Assets / (0.7 MB). Loaded Objects now: 6002.
Memory consumption went from 213.3 MB to 212.6 MB.
Total: 5.919700 ms (FindLiveObjects: 0.650400 ms CreateObjectMapping: 0.631700 ms MarkObjects: 3.998900 ms  DeleteObjects: 0.637300 ms)

AssetImportParameters requested are different than current active one (requested -> active):
  custom:video-decoder-ogg-theora: a1e56fd34408186e4bbccfd4996cb3dc -> 
  custom:container-muxer-webm: aa71ff27fc2769a1b78a27578f13a17b -> 
  custom:container-demuxer-webm: 4f35f7cbe854078d1ac9338744f61a02 -> 
  custom:video-encoder-webm-vp8: eb34c28f22e8b96e1ab97ce403110664 -> 
  custom:audio-encoder-webm-vorbis: bf7c407c2cedff20999df2af8eb42d56 -> 
  custom:framework-win-MediaFoundation: 216162199b28c13a410421893ffa2e32 -> 
  custom:container-demuxer-ogg: 62fdf1f143b41e24485cea50d1cbac27 -> 
  custom:video-decoder-webm-vp8: 9c59270c3fd7afecdb556c50c9e8de78 -> 
  custom:audio-decoder-ogg-vorbis: bf7c407c2cedff20999df2af8eb42d56 -> 
========================================================================
Received Import Request.
  Time since last request: 53.848674 seconds.
  path: Assets/Prefabs/Evoked Plots/Evoked Plot1.prefab
  artifactKey: Guid(875197852e064724dae4e0bcddb32650) Importer(815301076,1909f56bfc062723c751e8b465ee728b)
Start importing Assets/Prefabs/Evoked Plots/Evoked Plot1.prefab using Guid(875197852e064724dae4e0bcddb32650) Importer(815301076,1909f56bfc062723c751e8b465ee728b)  -> (artifact id: 'e398965480e9ee2688430623024103fd') in 0.534173 seconds 
========================================================================
Received Import Request.
  Time since last request: 11.820683 seconds.
  path: Assets/Prefabs/Evoked Plots/Evoked Plot1.prefab
  artifactKey: Guid(875197852e064724dae4e0bcddb32650) Importer(815301076,1909f56bfc062723c751e8b465ee728b)
Start importing Assets/Prefabs/Evoked Plots/Evoked Plot1.prefab using Guid(875197852e064724dae4e0bcddb32650) Importer(815301076,1909f56bfc062723c751e8b465ee728b)  -> (artifact id: 'cf88781f82b8d712ff3174a9ebe92484') in 0.225478 seconds 
